2025-05-23 13:44:11,466:Level 1 : Registering Relayout (<function _relayout_gradient at 0x000001A1AA2016C0>) in gradient.
2025-05-23 13:44:11,520:Level 1 : Registering RelayoutLike (<function _relayout_grad_gradient at 0x000001A1AA201800>) in gradient.
2025-05-23 13:44:11,521:Level 1 : Registering CopyToMesh (<function _copy_to_mesh_gradient at 0x000001A1AA201E40>) in gradient.
2025-05-23 13:44:11,521:Level 1 : Registering CopyToMeshGrad (<function _copy_to_mesh_grad_gradient at 0x000001A1AA201DA0>) in gradient.
2025-05-23 13:44:11,543:Level 1 : Registering FakeQuantWithMinMaxArgs (<function _FakeQuantWithMinMaxArgsGradient at 0x000001A1AA2A9EE0>) in gradient.
2025-05-23 13:44:11,574:Level 1 : Registering FakeQuantWithMinMaxVars (<function _FakeQuantWithMinMaxVarsGradient at 0x000001A1AA2AA0C0>) in gradient.
2025-05-23 13:44:11,574:Level 1 : Registering FakeQuantWithMinMaxVarsPerChannel (<function _FakeQuantWithMinMaxVarsPerChannelGradient at 0x000001A1AA2AA660>) in gradient.
2025-05-23 13:44:11,574:Level 1 : Registering QuantizeAndDequantizeV4 (<function _QuantizeAndDequantizeV4Grad at 0x000001A1AA2AA700>) in gradient.
2025-05-23 13:44:11,575:Level 1 : Registering QuantizeAndDequantizeV4Grad (<function _QuantizeAndDequantizeV4GradGrad at 0x000001A1AA2AA7A0>) in gradient.
2025-05-23 13:44:11,612:Level 1 : Registering TensorListConcatLists (None) in gradient.
2025-05-23 13:44:11,624:Level 1 : Registering TensorListElementShape (None) in gradient.
2025-05-23 13:44:11,624:Level 1 : Registering TensorListLength (None) in gradient.
2025-05-23 13:44:11,625:Level 1 : Registering TensorListPushBackBatch (None) in gradient.
2025-05-23 13:44:11,625:Level 1 : Registering TensorListPushBack (<function _PushBackGrad at 0x000001A1AA4531A0>) in gradient.
2025-05-23 13:44:11,625:Level 1 : Registering TensorListPopBack (<function _PopBackGrad at 0x000001A1AA453240>) in gradient.
2025-05-23 13:44:11,625:Level 1 : Registering TensorListStack (<function _TensorListStackGrad at 0x000001A1AA4532E0>) in gradient.
2025-05-23 13:44:11,625:Level 1 : Registering TensorListConcatV2 (<function _TensorListConcatGrad at 0x000001A1AA453380>) in gradient.
2025-05-23 13:44:11,625:Level 1 : Registering TensorListConcat (<function _TensorListConcatGrad at 0x000001A1AA453380>) in gradient.
2025-05-23 13:44:11,626:Level 1 : Registering TensorListSplit (<function _TensorListSplitGrad at 0x000001A1AA453420>) in gradient.
2025-05-23 13:44:11,626:Level 1 : Registering TensorListFromTensor (<function _TensorListFromTensorGrad at 0x000001A1AA4534C0>) in gradient.
2025-05-23 13:44:11,626:Level 1 : Registering TensorListGetItem (<function _TensorListGetItemGrad at 0x000001A1AA453560>) in gradient.
2025-05-23 13:44:11,626:Level 1 : Registering TensorListSetItem (<function _TensorListSetItemGrad at 0x000001A1AA453600>) in gradient.
2025-05-23 13:44:11,626:Level 1 : Registering TensorListResize (<function _TensorListResizeGrad at 0x000001A1AA4536A0>) in gradient.
2025-05-23 13:44:11,626:Level 1 : Registering TensorListGather (<function _TensorListGatherGrad at 0x000001A1AA453740>) in gradient.
2025-05-23 13:44:11,626:Level 1 : Registering TensorListScatterV2 (<function _TensorListScatterGrad at 0x000001A1AA4537E0>) in gradient.
2025-05-23 13:44:11,627:Level 1 : Registering TensorListScatter (<function _TensorListScatterGrad at 0x000001A1AA4537E0>) in gradient.
2025-05-23 13:44:11,627:Level 1 : Registering TensorListScatterIntoExistingList (<function _TensorListScatterIntoExistingListGrad at 0x000001A1AA453880>) in gradient.
2025-05-23 13:44:11,677:Level 1 : Registering AccumulateNV2 (<function _accumulate_n_grad at 0x000001A1AA5FE340>) in gradient.
2025-05-23 13:44:11,758:Level 1 : Registering cond_context ((<class 'tensorflow.core.protobuf.control_flow_pb2.CondContextDef'>, <function CondContext.to_proto at 0x000001A1AA704FE0>, <function CondContext.from_proto at 0x000001A1AA705080>)) in proto functions.
2025-05-23 13:44:11,779:Level 1 : Registering while_context ((<class 'tensorflow.core.protobuf.control_flow_pb2.WhileContextDef'>, <function WhileContext.to_proto at 0x000001A1AA705E40>, <function WhileContext.from_proto at 0x000001A1AA705F80>)) in proto functions.
2025-05-23 13:44:11,780:Level 1 : Registering _identity_resolver (<function _identity_resolver at 0x000001A1AA707E20>) in acd_resource_resolvers.
2025-05-23 13:44:11,835:Level 1 : Registering Assign (None) in gradient.
2025-05-23 13:44:11,848:Level 1 : Registering AssignAdd (None) in gradient.
2025-05-23 13:44:11,848:Level 1 : Registering AssignSub (None) in gradient.
2025-05-23 13:44:11,848:Level 1 : Registering ScatterAdd (None) in gradient.
2025-05-23 13:44:11,849:Level 1 : Registering ScatterSub (None) in gradient.
2025-05-23 13:44:11,849:Level 1 : Registering ScatterMul (None) in gradient.
2025-05-23 13:44:11,849:Level 1 : Registering ScatterDiv (None) in gradient.
2025-05-23 13:44:11,849:Level 1 : Registering ScatterNdUpdate (None) in gradient.
2025-05-23 13:44:11,849:Level 1 : Registering ScatterNdAdd (None) in gradient.
2025-05-23 13:44:11,849:Level 1 : Registering ScatterNdSub (None) in gradient.
2025-05-23 13:44:11,849:Level 1 : Registering ScatterNdMul (None) in gradient.
2025-05-23 13:44:11,849:Level 1 : Registering ScatterNdDiv (None) in gradient.
2025-05-23 13:44:11,862:Level 1 : Registering ReadVariableOp (<function _ReadGrad at 0x000001A1AA83A700>) in gradient.
2025-05-23 13:44:11,882:Level 1 : Registering ResourceGather (<function _GatherGrad at 0x000001A1AA83B740>) in gradient.
2025-05-23 13:44:11,882:Level 1 : Registering Assert (None) in gradient.
2025-05-23 13:44:11,883:Level 1 : Registering VarIsInitializedOp (None) in gradient.
2025-05-23 13:44:11,883:Level 1 : Registering VariableShape (None) in gradient.
2025-05-23 13:44:11,915:Level 1 : Registering RandomStandardNormal (None) in gradient.
2025-05-23 13:44:11,930:Level 1 : Registering ParameterizedTruncatedNormal (None) in gradient.
2025-05-23 13:44:11,931:Level 1 : Registering TruncatedNormal (None) in gradient.
2025-05-23 13:44:11,931:Level 1 : Registering RandomUniform (None) in gradient.
2025-05-23 13:44:11,931:Level 1 : Registering RandomShuffle (None) in gradient.
2025-05-23 13:44:11,932:Level 1 : Registering Multinomial (None) in gradient.
2025-05-23 13:44:11,999:Level 1 : Registering If (<function _IfGrad at 0x000001A1AA6A6020>) in gradient.
2025-05-23 13:44:12,017:Level 1 : Registering StatelessIf (<function _IfGrad at 0x000001A1AA6A6020>) in gradient.
2025-05-23 13:44:12,017:Level 1 : Registering StatelessCase (<function _CaseGrad at 0x000001A1AAA1BCE0>) in gradient.
2025-05-23 13:44:12,017:Level 1 : Registering Case (<function _CaseGrad at 0x000001A1AAA1BCE0>) in gradient.
2025-05-23 13:44:12,046:Level 1 : Registering While (<function _WhileGrad at 0x000001A1AAAA8AE0>) in gradient.
2025-05-23 13:44:12,060:Level 1 : Registering StatelessWhile (<function _WhileGrad at 0x000001A1AAAA8AE0>) in gradient.
2025-05-23 13:44:12,281:Level 1 : Registering EnsureShape (<function _ensure_shape_grad at 0x000001A1AAD0B060>) in gradient.
2025-05-23 13:44:12,320:Level 1 : Registering RaggedTensorToSparse (<function _ragged_tensor_to_sparse_gradient at 0x000001A1AAD82F20>) in gradient.
2025-05-23 13:44:12,452:Level 1 : Registering Conv2DBackpropInput (<function _Conv2DBackpropInputGrad at 0x000001A1AADF7CE0>) in gradient.
2025-05-23 13:44:12,470:Level 1 : Registering Conv2DBackpropFilter (<function _Conv2DBackpropFilterGrad at 0x000001A1AAE2C7C0>) in gradient.
2025-05-23 13:44:12,470:Level 1 : Registering DepthwiseConv2dNativeBackpropInput (<function _DepthwiseConv2dNativeBackpropInputGrad at 0x000001A1AAE2C400>) in gradient.
2025-05-23 13:44:12,471:Level 1 : Registering DepthwiseConv2dNativeBackpropFilter (<function _DepthwiseConv2dNativeBackpropFilterGrad at 0x000001A1AAE2CC20>) in gradient.
2025-05-23 13:44:12,471:Level 1 : Registering Conv3D (<function _Conv3DGrad at 0x000001A1AAE2CCC0>) in gradient.
2025-05-23 13:44:12,472:Level 1 : Registering Conv3DBackpropInputV2 (<function _Conv3DBackpropInputGrad at 0x000001A1AAE2CEA0>) in gradient.
2025-05-23 13:44:12,472:Level 1 : Registering Conv3DBackpropFilterV2 (<function _Conv3DBackpropFilterGrad at 0x000001A1AAE2CD60>) in gradient.
2025-05-23 13:44:12,472:Level 1 : Registering AvgPool3D (<function _AvgPool3DGrad at 0x000001A1AAE2CE00>) in gradient.
2025-05-23 13:44:12,472:Level 1 : Registering AvgPool3DGrad (<function _AvgPool3DGradGrad at 0x000001A1AAE2CFE0>) in gradient.
2025-05-23 13:44:12,472:Level 1 : Registering MaxPool3D (<function _MaxPool3DGrad at 0x000001A1AAE2CF40>) in gradient.
2025-05-23 13:44:12,472:Level 1 : Registering MaxPool3DGrad (<function _MaxPool3DGradGrad at 0x000001A1AAE2D120>) in gradient.
2025-05-23 13:44:12,472:Level 1 : Registering MaxPool3DGradGrad (<function _MaxPool3DGradGradGrad at 0x000001A1AAE2D080>) in gradient.
2025-05-23 13:44:12,473:Level 1 : Registering Softmax (<function _SoftmaxGrad at 0x000001A1AAE2D1C0>) in gradient.
2025-05-23 13:44:12,473:Level 1 : Registering LogSoftmax (<function _LogSoftmaxGrad at 0x000001A1AAE2D3A0>) in gradient.
2025-05-23 13:44:12,473:Level 1 : Registering BiasAdd (<function _BiasAddGrad at 0x000001A1AAE2D260>) in gradient.
2025-05-23 13:44:12,473:Level 1 : Registering BiasAddGrad (<function _BiasAddGradGrad at 0x000001A1AAE2D4E0>) in gradient.
2025-05-23 13:44:12,473:Level 1 : Registering BiasAddV1 (<function _BiasAddGradV1 at 0x000001A1AAE2D300>) in gradient.
2025-05-23 13:44:12,473:Level 1 : Registering Relu (<function _ReluGrad at 0x000001A1AAE2D580>) in gradient.
2025-05-23 13:44:12,473:Level 1 : Registering EluGrad (<function _EluGradGrad at 0x000001A1AAE2D440>) in gradient.
2025-05-23 13:44:12,473:Level 1 : Registering SeluGrad (<function _SeluGradGrad at 0x000001A1AAE2D760>) in gradient.
2025-05-23 13:44:12,474:Level 1 : Registering Relu6 (<function _Relu6Grad at 0x000001A1AAE2D800>) in gradient.
2025-05-23 13:44:12,474:Level 1 : Registering Relu6Grad (<function _Relu6GradGrad at 0x000001A1AAE2D8A0>) in gradient.
2025-05-23 13:44:12,474:Level 1 : Registering LeakyRelu (<function _LeakyReluGrad at 0x000001A1AAE2D6C0>) in gradient.
2025-05-23 13:44:12,474:Level 1 : Registering LeakyReluGrad (<function _LeakyReluGradGrad at 0x000001A1AAE2D940>) in gradient.
2025-05-23 13:44:12,474:Level 1 : Registering Elu (<function _EluGrad at 0x000001A1AAE2D620>) in gradient.
2025-05-23 13:44:12,474:Level 1 : Registering Selu (<function _SeluGrad at 0x000001A1AAE2D9E0>) in gradient.
2025-05-23 13:44:12,474:Level 1 : Registering Softplus (<function _SoftplusGrad at 0x000001A1AAE2DA80>) in gradient.
2025-05-23 13:44:12,474:Level 1 : Registering SoftplusGrad (<function _SoftplusGradGrad at 0x000001A1AAE2DC60>) in gradient.
2025-05-23 13:44:12,475:Level 1 : Registering Softsign (<function _SoftsignGrad at 0x000001A1AAE2DB20>) in gradient.
2025-05-23 13:44:12,475:Level 1 : Registering ReluGrad (<function _ReluGradGrad at 0x000001A1AAE2DDA0>) in gradient.
2025-05-23 13:44:12,475:Level 1 : Registering SoftmaxCrossEntropyWithLogits (<function _SoftmaxCrossEntropyWithLogitsGrad at 0x000001A1AAE2DBC0>) in gradient.
2025-05-23 13:44:12,475:Level 1 : Registering SparseSoftmaxCrossEntropyWithLogits (<function _SparseSoftmaxCrossEntropyWithLogitsGrad at 0x000001A1AAE2DD00>) in gradient.
2025-05-23 13:44:12,475:Level 1 : Registering Conv2D (<function _Conv2DGrad at 0x000001A1AAE2DEE0>) in gradient.
2025-05-23 13:44:12,475:Level 1 : Registering DepthwiseConv2dNative (<function _DepthwiseConv2dNativeGrad at 0x000001A1AAE2E0C0>) in gradient.
2025-05-23 13:44:12,475:Level 1 : Registering Dilation2D (<function _Dilation2DGrad at 0x000001A1AAE2DF80>) in gradient.
2025-05-23 13:44:12,475:Level 1 : Registering LRN (<function _LRNGrad at 0x000001A1AAE2E020>) in gradient.
2025-05-23 13:44:12,476:Level 1 : Registering AvgPool (<function _AvgPoolGrad at 0x000001A1AAE2E160>) in gradient.
2025-05-23 13:44:12,476:Level 1 : Registering AvgPoolGrad (<function _AvgPoolGradGrad at 0x000001A1AAE2E340>) in gradient.
2025-05-23 13:44:12,476:Level 1 : Registering MaxPool (<function _MaxPoolGrad at 0x000001A1AAE2E200>) in gradient.
2025-05-23 13:44:12,476:Level 1 : Registering MaxPoolV2 (<function _MaxPoolGradV2 at 0x000001A1AAE2E480>) in gradient.
2025-05-23 13:44:12,476:Level 1 : Registering MaxPoolWithArgmax (<function _MaxPoolGradWithArgmax at 0x000001A1AAE2E3E0>) in gradient.
2025-05-23 13:44:12,476:Level 1 : Registering MaxPoolGrad (<function _MaxPoolGradGrad at 0x000001A1AAE2E2A0>) in gradient.
2025-05-23 13:44:12,476:Level 1 : Registering MaxPoolGradV2 (<function _MaxPoolGradGradV2 at 0x000001A1AAE2E520>) in gradient.
2025-05-23 13:44:12,476:Level 1 : Registering MaxPoolGradGrad (<function _MaxPoolGradGradGrad at 0x000001A1AAE2E5C0>) in gradient.
2025-05-23 13:44:12,477:Level 1 : Registering FractionalMaxPool (<function _FractionalMaxPoolGrad at 0x000001A1AAE2E660>) in gradient.
2025-05-23 13:44:12,477:Level 1 : Registering FractionalAvgPool (<function _FractionalAvgPoolGrad at 0x000001A1AAE2E700>) in gradient.
2025-05-23 13:44:12,477:Level 1 : Registering BatchNormWithGlobalNormalization (<function _BatchNormWithGlobalNormalizationGrad at 0x000001A1AAE2E7A0>) in gradient.
2025-05-23 13:44:12,477:Level 1 : Registering FusedBatchNorm (<function _FusedBatchNormGrad at 0x000001A1AAE2E8E0>) in gradient.
2025-05-23 13:44:12,477:Level 1 : Registering FusedBatchNormV2 (<function _FusedBatchNormV2Grad at 0x000001A1AAE2E980>) in gradient.
2025-05-23 13:44:12,477:Level 1 : Registering FusedBatchNormV3 (<function _FusedBatchNormV3Grad at 0x000001A1AAE2EA20>) in gradient.
2025-05-23 13:44:12,477:Level 1 : Registering L2Loss (<function _L2LossGrad at 0x000001A1AAE2EAC0>) in gradient.
2025-05-23 13:44:12,477:Level 1 : Registering TopKV2 (<function _TopKGrad at 0x000001A1AAE2ECA0>) in gradient.
2025-05-23 13:44:12,477:Level 1 : Registering TopK (<function _TopKGrad at 0x000001A1AAE2ECA0>) in gradient.
2025-05-23 13:44:12,478:Level 1 : Registering ApproxTopK (<function _ApproxTopKGradient at 0x000001A1AAE2ED40>) in gradient.
2025-05-23 13:44:12,478:Level 1 : Registering NthElement (<function _NthElementGrad at 0x000001A1AAE2EB60>) in gradient.
2025-05-23 13:44:12,478:Level 1 : Registering IsotonicRegression (<function _IsotonicRegressionGrad at 0x000001A1AAE2EDE0>) in gradient.
2025-05-23 13:44:12,491:Level 1 : Registering BitwiseAnd (None) in gradient.
2025-05-23 13:44:12,506:Level 1 : Registering BitwiseOr (None) in gradient.
2025-05-23 13:44:12,506:Level 1 : Registering BitwiseXor (None) in gradient.
2025-05-23 13:44:12,506:Level 1 : Registering Invert (None) in gradient.
2025-05-23 13:44:12,506:Level 1 : Registering PopulationCount (None) in gradient.
2025-05-23 13:44:12,507:Level 1 : Registering LeftShift (None) in gradient.
2025-05-23 13:44:12,507:Level 1 : Registering RightShift (None) in gradient.
2025-05-23 13:44:12,507:Level 1 : Registering StatelessMultinomial (None) in gradient.
2025-05-23 13:44:12,519:Level 1 : Registering StatelessRandomBinomial (None) in gradient.
2025-05-23 13:44:12,520:Level 1 : Registering StatelessRandomNormal (None) in gradient.
2025-05-23 13:44:12,520:Level 1 : Registering StatelessRandomPoisson (None) in gradient.
2025-05-23 13:44:12,520:Level 1 : Registering StatelessRandomUniform (None) in gradient.
2025-05-23 13:44:12,520:Level 1 : Registering StatelessRandomUniformInt (None) in gradient.
2025-05-23 13:44:12,520:Level 1 : Registering StatelessRandomUniformFullInt (None) in gradient.
2025-05-23 13:44:12,520:Level 1 : Registering StatelessTruncatedNormal (None) in gradient.
2025-05-23 13:44:12,520:Level 1 : Registering StatelessRandomNormalV2 (None) in gradient.
2025-05-23 13:44:12,520:Level 1 : Registering StatelessRandomUniformV2 (None) in gradient.
2025-05-23 13:44:12,521:Level 1 : Registering StatelessRandomUniformIntV2 (None) in gradient.
2025-05-23 13:44:12,521:Level 1 : Registering StatelessRandomUniformFullIntV2 (None) in gradient.
2025-05-23 13:44:12,521:Level 1 : Registering StatelessTruncatedNormalV2 (None) in gradient.
2025-05-23 13:44:12,521:Level 1 : Registering StatelessRandomShuffle (None) in gradient.
2025-05-23 13:44:12,521:Level 1 : Registering RandomIndexShuffle (None) in gradient.
2025-05-23 13:44:12,535:Level 1 : Registering Conv3D,flops (<function _calc_conv3d_flops at 0x000001A1AAEE9440>) in statistical functions.
2025-05-23 13:44:12,569:Level 1 : Registering Conv2D,flops (<function _calc_conv_flops at 0x000001A1AAEE9620>) in statistical functions.
2025-05-23 13:44:12,570:Level 1 : Registering DepthwiseConv2dNative,flops (<function _calc_depthwise_conv_flops at 0x000001A1AAEE9BC0>) in statistical functions.
2025-05-23 13:44:12,570:Level 1 : Registering BiasAdd,flops (<function _calc_bias_add_flops at 0x000001A1AAEE9C60>) in statistical functions.
2025-05-23 13:44:12,573:Level 1 : Registering Dilation2D,flops (<function _calc_dilation2d_flops at 0x000001A1AAEEB740>) in statistical functions.
2025-05-23 13:44:12,586:Level 1 : Registering CompositeTensorVariantFromComponents (<function _composite_tensor_to_variants_grad at 0x000001A1AAFD45E0>) in gradient.
2025-05-23 13:44:12,601:Level 1 : Registering CompositeTensorVariantToComponents (<function _composite_tensor_from_variant_grad at 0x000001A1AAFD4680>) in gradient.
2025-05-23 13:44:12,617:Level 1 : Registering RaggedRange (None) in gradient.
2025-05-23 13:44:12,642:Level 1 : Registering RaggedFillEmptyRows (<function _ragged_fill_empty_rows_grad at 0x000001A1AB0314E0>) in gradient.
2025-05-23 13:44:12,664:Level 1 : Registering RaggedGather (<function _ragged_gather_grad at 0x000001A1AB033100>) in gradient.
2025-05-23 13:44:12,685:Level 1 : Registering RegexReplace (None) in gradient.
2025-05-23 13:44:12,701:Level 1 : Registering StringToHashBucket (None) in gradient.
2025-05-23 13:44:12,702:Level 1 : Registering StringToHashBucketFast (None) in gradient.
2025-05-23 13:44:12,702:Level 1 : Registering StringToHashBucketStrong (None) in gradient.
2025-05-23 13:44:12,702:Level 1 : Registering ReduceJoin (None) in gradient.
2025-05-23 13:44:12,702:Level 1 : Registering StringJoin (None) in gradient.
2025-05-23 13:44:12,702:Level 1 : Registering StringSplit (None) in gradient.
2025-05-23 13:44:12,702:Level 1 : Registering AsString (None) in gradient.
2025-05-23 13:44:12,703:Level 1 : Registering EncodeBase64 (None) in gradient.
2025-05-23 13:44:12,703:Level 1 : Registering DecodeBase64 (None) in gradient.
2025-05-23 13:44:12,705:Level 1 : Registering Print (<function _PrintGrad at 0x000001A1AB07DF80>) in gradient.
2025-05-23 13:44:12,720:Level 1 : Registering HistogramSummary (None) in gradient.
2025-05-23 13:44:12,720:Level 1 : Registering ImageSummary (None) in gradient.
2025-05-23 13:44:12,720:Level 1 : Registering AudioSummary (None) in gradient.
2025-05-23 13:44:12,721:Level 1 : Registering AudioSummaryV2 (None) in gradient.
2025-05-23 13:44:12,721:Level 1 : Registering MergeSummary (None) in gradient.
2025-05-23 13:44:12,721:Level 1 : Registering ScalarSummary (None) in gradient.
2025-05-23 13:44:12,721:Level 1 : Registering TensorSummary (None) in gradient.
2025-05-23 13:44:12,721:Level 1 : Registering TensorSummaryV2 (None) in gradient.
2025-05-23 13:44:12,721:Level 1 : Registering Timestamp (None) in gradient.
2025-05-23 13:44:13,002:Level 1 : Registering XlaEinsum (<function _einsum_grad at 0x000001A1AB195940>) in gradient.
2025-05-23 13:44:13,027:Level 1 : Registering RaggedTensorToTensor (<function _ragged_tensor_to_tensor_grad at 0x000001A1AC19E7A0>) in gradient.
2025-05-23 13:44:13,042:Level 1 : Registering RaggedTensorFromVariant (<function _ragged_tensor_from_variant_grad at 0x000001A1AC19EA20>) in gradient.
2025-05-23 13:44:13,042:Level 1 : Registering RaggedTensorToVariant (<function _ragged_tensor_to_variant_grad at 0x000001A1AC19EAC0>) in gradient.
2025-05-23 13:44:13,046:Level 1 : Registering ClipByValue (<function _clip_by_value_grad at 0x000001A1AC19F240>) in gradient.
2025-05-23 13:44:13,064:Level 1 : Registering DynamicPartition (<function _DynamicPartitionGrads at 0x000001A1AC19FC40>) in gradient.
2025-05-23 13:44:13,077:Level 1 : Registering ParallelDynamicStitch (<function _DynamicStitchGrads at 0x000001A1AC19FF60>) in gradient.
2025-05-23 13:44:13,077:Level 1 : Registering DynamicStitch (<function _DynamicStitchGrads at 0x000001A1AC19FF60>) in gradient.
2025-05-23 13:44:13,078:Level 1 : Registering Queue (None) in gradient.
2025-05-23 13:44:13,078:Level 1 : Registering QueueEnqueue (None) in gradient.
2025-05-23 13:44:13,078:Level 1 : Registering QueueEnqueueMany (None) in gradient.
2025-05-23 13:44:13,078:Level 1 : Registering QueueDequeue (None) in gradient.
2025-05-23 13:44:13,078:Level 1 : Registering QueueDequeueMany (None) in gradient.
2025-05-23 13:44:13,078:Level 1 : Registering QueueDequeueUpTo (None) in gradient.
2025-05-23 13:44:13,078:Level 1 : Registering QueueClose (None) in gradient.
2025-05-23 13:44:13,078:Level 1 : Registering QueueSize (None) in gradient.
2025-05-23 13:44:13,079:Level 1 : Registering Stack (None) in gradient.
2025-05-23 13:44:13,079:Level 1 : Registering StackPush (None) in gradient.
2025-05-23 13:44:13,079:Level 1 : Registering StackPop (None) in gradient.
2025-05-23 13:44:13,079:Level 1 : Registering StackClose (None) in gradient.
2025-05-23 13:44:13,079:Level 1 : Registering GetSessionHandle (None) in gradient.
2025-05-23 13:44:13,079:Level 1 : Registering GetSessionHandleV2 (None) in gradient.
2025-05-23 13:44:13,079:Level 1 : Registering GetSessionTensor (None) in gradient.
2025-05-23 13:44:13,080:Level 1 : Registering DeleteSessionTensor (None) in gradient.
2025-05-23 13:44:13,174:Level 1 : Registering TPUReplicatedInput (None) in gradient.
2025-05-23 13:44:13,185:Level 1 : Registering AllToAll (<function _all_to_all_grad at 0x000001A1AC30E0C0>) in gradient.
2025-05-23 13:44:13,185:Level 1 : Registering CollectivePermute (<function _collective_permute_grad at 0x000001A1AC30E2A0>) in gradient.
2025-05-23 13:44:13,186:Level 1 : Registering CrossReplicaSum (<function _cross_replica_sum_grad at 0x000001A1AC30E340>) in gradient.
2025-05-23 13:44:13,186:Level 1 : Registering TPUEmbeddingActivations (<function _embedding_activations_grad at 0x000001A1AC30E3E0>) in gradient.
2025-05-23 13:44:13,219:Level 1 : Registering XlaClusterOutput (<function _XlaClusterOutputGrad at 0x000001A1AC36C900>) in gradient.
2025-05-23 13:44:13,236:Level 1 : Registering Pack (<function _PackGrad at 0x000001A1AC36DC60>) in gradient.
2025-05-23 13:44:13,252:Level 1 : Registering Unpack (<function _UnpackGrad at 0x000001A1AC36DEE0>) in gradient.
2025-05-23 13:44:13,252:Level 1 : Registering Concat (<function _ConcatGrad at 0x000001A1AC36E020>) in gradient.
2025-05-23 13:44:13,253:Level 1 : Registering ConcatV2 (<function _ConcatGradV2 at 0x000001A1AC36E340>) in gradient.
2025-05-23 13:44:13,253:Level 1 : Registering ConcatOffset (None) in gradient.
2025-05-23 13:44:13,253:Level 1 : Registering Slice (<function _SliceGrad at 0x000001A1AC36E520>) in gradient.
2025-05-23 13:44:13,253:Level 1 : Registering StridedSlice (<function _StridedSliceGrad at 0x000001A1AC36E5C0>) in gradient.
2025-05-23 13:44:13,253:Level 1 : Registering StridedSliceGrad (<function _StridedSliceGradGrad at 0x000001A1AC36E160>) in gradient.
2025-05-23 13:44:13,253:Level 1 : Registering TensorStridedSliceUpdate (<function _TensorStridedSliceUpdateGrad at 0x000001A1AC36E2A0>) in gradient.
2025-05-23 13:44:13,253:Level 1 : Registering Split (<function _SplitGrad at 0x000001A1AC36E660>) in gradient.
2025-05-23 13:44:13,253:Level 1 : Registering SplitV (<function _SplitVGrad at 0x000001A1AC36E840>) in gradient.
2025-05-23 13:44:13,254:Level 1 : Registering Const (None) in gradient.
2025-05-23 13:44:13,254:Level 1 : Registering Diag (<function _DiagGrad at 0x000001A1AC36E8E0>) in gradient.
2025-05-23 13:44:13,254:Level 1 : Registering DiagPart (<function _DiagPartGrad at 0x000001A1AC36E700>) in gradient.
2025-05-23 13:44:13,254:Level 1 : Registering MatrixDiag (<function _MatrixDiagGrad at 0x000001A1AC36EA20>) in gradient.
2025-05-23 13:44:13,254:Level 1 : Registering MatrixDiagV2 (<function _MatrixDiagV2Grad at 0x000001A1AC36E7A0>) in gradient.
2025-05-23 13:44:13,254:Level 1 : Registering MatrixDiagV3 (<function _MatrixDiagV3Grad at 0x000001A1AC36E980>) in gradient.
2025-05-23 13:44:13,254:Level 1 : Registering MatrixDiagPart (<function _MatrixDiagPartGrad at 0x000001A1AC36EAC0>) in gradient.
2025-05-23 13:44:13,254:Level 1 : Registering MatrixDiagPartV2 (<function _MatrixDiagPartV2Grad at 0x000001A1AC36EB60>) in gradient.
2025-05-23 13:44:13,255:Level 1 : Registering MatrixDiagPartV3 (<function _MatrixDiagPartV3Grad at 0x000001A1AC36EC00>) in gradient.
2025-05-23 13:44:13,255:Level 1 : Registering MatrixSetDiag (<function _MatrixSetDiagGrad at 0x000001A1AC36ECA0>) in gradient.
2025-05-23 13:44:13,255:Level 1 : Registering MatrixSetDiagV2 (<function _MatrixSetDiagGradV2 at 0x000001A1AC36ED40>) in gradient.
2025-05-23 13:44:13,255:Level 1 : Registering MatrixSetDiagV3 (<function _MatrixSetDiagGradV3 at 0x000001A1AC36EDE0>) in gradient.
2025-05-23 13:44:13,255:Level 1 : Registering MatrixBandPart (<function _MatrixBandPartGrad at 0x000001A1AC36EE80>) in gradient.
2025-05-23 13:44:13,255:Level 1 : Registering EditDistance (None) in gradient.
2025-05-23 13:44:13,255:Level 1 : Registering Fill (<function _FillGrad at 0x000001A1AC36EF20>) in gradient.
2025-05-23 13:44:13,255:Level 1 : Registering ZerosLike (None) in gradient.
2025-05-23 13:44:13,256:Level 1 : Registering OnesLike (None) in gradient.
2025-05-23 13:44:13,256:Level 1 : Registering PreventGradient (<function _PreventGradientGrad at 0x000001A1AC36EFC0>) in gradient.
2025-05-23 13:44:13,256:Level 1 : Registering Gather (<function _GatherGrad at 0x000001A1AC36F100>) in gradient.
2025-05-23 13:44:13,256:Level 1 : Registering GatherV2 (<function _GatherV2Grad at 0x000001A1AC36F240>) in gradient.
2025-05-23 13:44:13,256:Level 1 : Registering GatherNd (<function _GatherNdGrad at 0x000001A1AC36F4C0>) in gradient.
2025-05-23 13:44:13,256:Level 1 : Registering ResourceGatherNd (<function _ResourceGatherNdGrad at 0x000001A1AC36F560>) in gradient.
2025-05-23 13:44:13,256:Level 1 : Registering CheckNumerics (<function _CheckNumericsGrad at 0x000001A1AC36F380>) in gradient.
2025-05-23 13:44:13,257:Level 1 : Registering CheckNumericsV2 (<function _CheckNumericsV2Grad at 0x000001A1AC36F420>) in gradient.
2025-05-23 13:44:13,257:Level 1 : Registering Identity (<function _IdGrad at 0x000001A1AC36F600>) in gradient.
2025-05-23 13:44:13,257:Level 1 : Registering PlaceholderWithDefault (<function _IdGrad at 0x000001A1AC36F600>) in gradient.
2025-05-23 13:44:13,257:Level 1 : Registering _EagerConst (<function _EagerConstGrad at 0x000001A1AC36F7E0>) in gradient.
2025-05-23 13:44:13,257:Level 1 : Registering RefIdentity (<function _RefIdGrad at 0x000001A1AC36F6A0>) in gradient.
2025-05-23 13:44:13,257:Level 1 : Registering IdentityN (<function _IdNGrad at 0x000001A1AC36F920>) in gradient.
2025-05-23 13:44:13,257:Level 1 : Registering StopGradient (None) in gradient.
2025-05-23 13:44:13,257:Level 1 : Registering Reshape (<function _ReshapeGrad at 0x000001A1AC36F9C0>) in gradient.
2025-05-23 13:44:13,257:Level 1 : Registering InvertPermutation (None) in gradient.
2025-05-23 13:44:13,258:Level 1 : Registering ExpandDims (<function _ExpandDimsGrad at 0x000001A1AC36F740>) in gradient.
2025-05-23 13:44:13,258:Level 1 : Registering Squeeze (<function _SqueezeGrad at 0x000001A1AC36F880>) in gradient.
2025-05-23 13:44:13,258:Level 1 : Registering Transpose (<function _TransposeGrad at 0x000001A1AC36FC40>) in gradient.
2025-05-23 13:44:13,258:Level 1 : Registering ConjugateTranspose (<function _ConjugateTransposeGrad at 0x000001A1AC36FBA0>) in gradient.
2025-05-23 13:44:13,258:Level 1 : Registering Shape (None) in gradient.
2025-05-23 13:44:13,258:Level 1 : Registering ShapeN (None) in gradient.
2025-05-23 13:44:13,258:Level 1 : Registering Rank (None) in gradient.
2025-05-23 13:44:13,258:Level 1 : Registering Size (None) in gradient.
2025-05-23 13:44:13,259:Level 1 : Registering Tile (<function _TileGrad at 0x000001A1AC36FB00>) in gradient.
2025-05-23 13:44:13,259:Level 1 : Registering BroadcastGradientArgs (None) in gradient.
2025-05-23 13:44:13,259:Level 1 : Registering Pad (<function _PadGrad at 0x000001A1AC36FCE0>) in gradient.
2025-05-23 13:44:13,259:Level 1 : Registering PadV2 (<function _PadGrad at 0x000001A1AC36FCE0>) in gradient.
2025-05-23 13:44:13,259:Level 1 : Registering ReverseSequence (<function _ReverseSequenceGrad at 0x000001A1AC36FD80>) in gradient.
2025-05-23 13:44:13,259:Level 1 : Registering Reverse (<function _ReverseGrad at 0x000001A1AC36FE20>) in gradient.
2025-05-23 13:44:13,259:Level 1 : Registering ReverseV2 (<function _ReverseV2Grad at 0x000001A1AC36FEC0>) in gradient.
2025-05-23 13:44:13,259:Level 1 : Registering SpaceToBatch (<function _SpaceToBatchGrad at 0x000001A1AC36FF60>) in gradient.
2025-05-23 13:44:13,259:Level 1 : Registering SpaceToBatchND (<function _SpaceToBatchNDGrad at 0x000001A1AC3B8040>) in gradient.
2025-05-23 13:44:13,260:Level 1 : Registering BatchToSpace (<function _BatchToSpaceGrad at 0x000001A1AC3B80E0>) in gradient.
2025-05-23 13:44:13,260:Level 1 : Registering BatchToSpaceND (<function _BatchToSpaceNDGrad at 0x000001A1AC3B8180>) in gradient.
2025-05-23 13:44:13,260:Level 1 : Registering SpaceToDepth (<function _SpaceToDepthGrad at 0x000001A1AC3B8220>) in gradient.
2025-05-23 13:44:13,260:Level 1 : Registering DepthToSpace (<function _DepthToSpaceGrad at 0x000001A1AC3B82C0>) in gradient.
2025-05-23 13:44:13,260:Level 1 : Registering OneHot (None) in gradient.
2025-05-23 13:44:13,260:Level 1 : Registering MirrorPad (<function _MirrorPadGrad at 0x000001A1AC3B8360>) in gradient.
2025-05-23 13:44:13,260:Level 1 : Registering MirrorPadGrad (<function _MirrorPadGradGrad at 0x000001A1AC3B84A0>) in gradient.
2025-05-23 13:44:13,260:Level 1 : Registering QuantizeAndDequantize (<function _QuantizeAndDequantizeGrad at 0x000001A1AC3B8400>) in gradient.
2025-05-23 13:44:13,261:Level 1 : Registering QuantizeAndDequantizeV2 (<function _QuantizeAndDequantizeV2Grad at 0x000001A1AC3B8540>) in gradient.
2025-05-23 13:44:13,261:Level 1 : Registering QuantizeAndDequantizeV3 (<function _QuantizeAndDequantizeV3Grad at 0x000001A1AC3B85E0>) in gradient.
2025-05-23 13:44:13,261:Level 1 : Registering ExtractImagePatches (<function _ExtractImagePatchesGrad at 0x000001A1AC3B8680>) in gradient.
2025-05-23 13:44:13,261:Level 1 : Registering ExtractVolumePatches (<function _ExtractVolumePatchesGrad at 0x000001A1AC3B8720>) in gradient.
2025-05-23 13:44:13,261:Level 1 : Registering ScatterNd (<function _ScatterNdGrad at 0x000001A1AC3B87C0>) in gradient.
2025-05-23 13:44:13,261:Level 1 : Registering TensorScatterUpdate (<function _TensorScatterUpdateGrad at 0x000001A1AC3B8900>) in gradient.
2025-05-23 13:44:13,261:Level 1 : Registering TensorScatterAdd (<function _TensorScatterAddGrad at 0x000001A1AC3B8860>) in gradient.
2025-05-23 13:44:13,261:Level 1 : Registering TensorScatterMax (<function _TensorScatterMaxGrad at 0x000001A1AC3B8A40>) in gradient.
2025-05-23 13:44:13,262:Level 1 : Registering TensorScatterMin (<function _TensorScatterMinGrad at 0x000001A1AC3B8AE0>) in gradient.
2025-05-23 13:44:13,262:Level 1 : Registering TensorScatterSub (<function _TensorScatterSubGrad at 0x000001A1AC3B8B80>) in gradient.
2025-05-23 13:44:13,262:Level 1 : Registering ScatterNdNonAliasingAdd (<function _ScatterNdNonAliasingAddGrad at 0x000001A1AC3B8C20>) in gradient.
2025-05-23 13:44:13,262:Level 1 : Registering BroadcastTo (<function _BroadcastToGrad at 0x000001A1AC3B8CC0>) in gradient.
2025-05-23 13:44:13,264:Level 1 : Registering Switch (<function _SwitchGrad at 0x000001A1AC3B8EA0>) in gradient.
2025-05-23 13:44:13,278:Level 1 : Registering RefSwitch (<function _SwitchGrad at 0x000001A1AC3B8EA0>) in gradient.
2025-05-23 13:44:13,279:Level 1 : Registering Merge (<function _MergeGrad at 0x000001A1AC3B8F40>) in gradient.
2025-05-23 13:44:13,279:Level 1 : Registering RefMerge (<function _RefMergeGrad at 0x000001A1AC3B9120>) in gradient.
2025-05-23 13:44:13,279:Level 1 : Registering Exit (<function _ExitGrad at 0x000001A1AC3B91C0>) in gradient.
2025-05-23 13:44:13,279:Level 1 : Registering RefExit (<function _ExitGrad at 0x000001A1AC3B91C0>) in gradient.
2025-05-23 13:44:13,279:Level 1 : Registering NextIteration (<function _NextIterationGrad at 0x000001A1AC3B9260>) in gradient.
2025-05-23 13:44:13,279:Level 1 : Registering RefNextIteration (<function _RefNextIterationGrad at 0x000001A1AC3B9080>) in gradient.
2025-05-23 13:44:13,279:Level 1 : Registering Enter (<function _EnterGrad at 0x000001A1AC3B8FE0>) in gradient.
2025-05-23 13:44:13,279:Level 1 : Registering RefEnter (<function _RefEnterGrad at 0x000001A1AC3B9440>) in gradient.
2025-05-23 13:44:13,280:Level 1 : Registering LoopCond (<function _LoopCondGrad at 0x000001A1AC3B94E0>) in gradient.
2025-05-23 13:44:13,285:Level 1 : Registering CudnnRNN (<function _cudnn_rnn_backward at 0x000001A1AC3B9580>) in gradient.
2025-05-23 13:44:13,302:Level 1 : Registering CudnnRNNV2 (<function _cudnn_rnn_backward_v2 at 0x000001A1AC3B9620>) in gradient.
2025-05-23 13:44:13,302:Level 1 : Registering CudnnRNNV3 (<function _cudnn_rnn_backwardv3 at 0x000001A1AC3E5800>) in gradient.
2025-05-23 13:44:13,305:Level 1 : Registering ResizeNearestNeighbor (<function _ResizeNearestNeighborGrad at 0x000001A1AC3E58A0>) in gradient.
2025-05-23 13:44:13,316:Level 1 : Registering ResizeBilinear (<function _ResizeBilinearGrad at 0x000001A1AC3E5940>) in gradient.
2025-05-23 13:44:13,316:Level 1 : Registering ScaleAndTranslate (<function _ScaleAndTranslateGrad at 0x000001A1AC3E5B20>) in gradient.
2025-05-23 13:44:13,316:Level 1 : Registering ResizeBicubic (<function _ResizeBicubicGrad at 0x000001A1AC3E5A80>) in gradient.
2025-05-23 13:44:13,317:Level 1 : Registering CropAndResize (<function _CropAndResizeGrad at 0x000001A1AC3E5BC0>) in gradient.
2025-05-23 13:44:13,317:Level 1 : Registering RGBToHSV (<function _RGBToHSVGrad at 0x000001A1AC3E5D00>) in gradient.
2025-05-23 13:44:13,321:Level 1 : Registering ReaderRead (None) in gradient.
2025-05-23 13:44:13,340:Level 1 : Registering ReaderReadUpTo (None) in gradient.
2025-05-23 13:44:13,340:Level 1 : Registering ReaderNumRecordsProduced (None) in gradient.
2025-05-23 13:44:13,340:Level 1 : Registering ReaderNumWorkUnitsCompleted (None) in gradient.
2025-05-23 13:44:13,340:Level 1 : Registering ReaderSerializeState (None) in gradient.
2025-05-23 13:44:13,340:Level 1 : Registering ReaderRestoreState (None) in gradient.
2025-05-23 13:44:13,340:Level 1 : Registering ReaderReset (None) in gradient.
2025-05-23 13:44:13,341:Level 1 : Registering WholeFileReader (None) in gradient.
2025-05-23 13:44:13,341:Level 1 : Registering TextLineReader (None) in gradient.
2025-05-23 13:44:13,341:Level 1 : Registering FixedLengthRecordReader (None) in gradient.
2025-05-23 13:44:13,341:Level 1 : Registering TFRecordReader (None) in gradient.
2025-05-23 13:44:13,341:Level 1 : Registering LMDBReader (None) in gradient.
2025-05-23 13:44:13,342:Level 1 : Registering IdentityReader (None) in gradient.
2025-05-23 13:44:13,349:Level 1 : Registering MatrixInverse (<function _MatrixInverseGrad at 0x000001A1AC4332E0>) in gradient.
2025-05-23 13:44:13,365:Level 1 : Registering Einsum (<function _EinsumGrad at 0x000001A1AC433380>) in gradient.
2025-05-23 13:44:13,365:Level 1 : Registering MatrixDeterminant (<function _MatrixDeterminantGrad at 0x000001A1AC46DBC0>) in gradient.
2025-05-23 13:44:13,365:Level 1 : Registering MatrixSquareRoot (<function _MatrixSquareRootGrad at 0x000001A1AC46D9E0>) in gradient.
2025-05-23 13:44:13,365:Level 1 : Registering LogMatrixDeterminant (<function _LogMatrixDeterminantGrad at 0x000001A1AC46DB20>) in gradient.
2025-05-23 13:44:13,365:Level 1 : Registering Cholesky (<function _CholeskyGrad at 0x000001A1AC46DC60>) in gradient.
2025-05-23 13:44:13,365:Level 1 : Registering Qr (<function _QrGrad at 0x000001A1AC46DE40>) in gradient.
2025-05-23 13:44:13,366:Level 1 : Registering MatrixSolve (<function _MatrixSolveGrad at 0x000001A1AC46DD00>) in gradient.
2025-05-23 13:44:13,366:Level 1 : Registering MatrixSolveLs (<function _MatrixSolveLsGrad at 0x000001A1AC46DDA0>) in gradient.
2025-05-23 13:44:13,366:Level 1 : Registering BandedTriangularSolve (<function _BandedTriangularSolveGrad at 0x000001A1AC46DEE0>) in gradient.
2025-05-23 13:44:13,366:Level 1 : Registering MatrixTriangularSolve (<function _MatrixTriangularSolveGrad at 0x000001A1AC46DF80>) in gradient.
2025-05-23 13:44:13,366:Level 1 : Registering Eig (<function _EigGrad at 0x000001A1AC46E0C0>) in gradient.
2025-05-23 13:44:13,366:Level 1 : Registering SelfAdjointEigV2 (<function _SelfAdjointEigV2Grad at 0x000001A1AC46E160>) in gradient.
2025-05-23 13:44:13,366:Level 1 : Registering Svd (<function _SvdGrad at 0x000001A1AC46E200>) in gradient.
2025-05-23 13:44:13,366:Level 1 : Registering TridiagonalMatMul (<function _TridiagonalMatMulGrad at 0x000001A1AC46E3E0>) in gradient.
2025-05-23 13:44:13,367:Level 1 : Registering TridiagonalSolve (<function _TridiagonalSolveGrad at 0x000001A1AC46E480>) in gradient.
2025-05-23 13:44:13,369:Level 1 : Registering LookupTableFind (None) in gradient.
2025-05-23 13:44:13,379:Level 1 : Registering LookupTableFindV2 (None) in gradient.
2025-05-23 13:44:13,380:Level 1 : Registering LookupTableInsert (None) in gradient.
2025-05-23 13:44:13,380:Level 1 : Registering LookupTableInsertV2 (None) in gradient.
2025-05-23 13:44:13,380:Level 1 : Registering LookupTableSize (None) in gradient.
2025-05-23 13:44:13,380:Level 1 : Registering LookupTableSizeV2 (None) in gradient.
2025-05-23 13:44:13,380:Level 1 : Registering HashTable (None) in gradient.
2025-05-23 13:44:13,380:Level 1 : Registering HashTableV2 (None) in gradient.
2025-05-23 13:44:13,380:Level 1 : Registering InitializeTable (None) in gradient.
2025-05-23 13:44:13,381:Level 1 : Registering InitializeTableV2 (None) in gradient.
2025-05-23 13:44:13,381:Level 1 : Registering InitializeTableFromTextFile (None) in gradient.
2025-05-23 13:44:13,381:Level 1 : Registering InitializeTableFromTextFileV2 (None) in gradient.
2025-05-23 13:44:13,381:Level 1 : Registering MutableDenseHashTable (None) in gradient.
2025-05-23 13:44:13,381:Level 1 : Registering MutableDenseHashTableV2 (None) in gradient.
2025-05-23 13:44:13,381:Level 1 : Registering MutableHashTable (None) in gradient.
2025-05-23 13:44:13,381:Level 1 : Registering MutableHashTableV2 (None) in gradient.
2025-05-23 13:44:13,381:Level 1 : Registering MutableHashTableOfTensors (None) in gradient.
2025-05-23 13:44:13,381:Level 1 : Registering MutableHashTableOfTensorsV2 (None) in gradient.
2025-05-23 13:44:13,385:Level 1 : Registering Roll (<function _RollGrad at 0x000001A1AC36DA80>) in gradient.
2025-05-23 13:44:13,404:Level 1 : Registering ArgMax (<function _ArgMaxGrad at 0x000001A1AC46E840>) in gradient.
2025-05-23 13:44:13,418:Level 1 : Registering ArgMin (<function _ArgMinGrad at 0x000001A1AC46FA60>) in gradient.
2025-05-23 13:44:13,418:Level 1 : Registering EuclideanNorm (<function _EuclideanNormGrad at 0x000001A1AC46FCE0>) in gradient.
2025-05-23 13:44:13,418:Level 1 : Registering Sum (<function _SumGrad at 0x000001A1AC4D0040>) in gradient.
2025-05-23 13:44:13,418:Level 1 : Registering Max (<function _MaxGrad at 0x000001A1AC4D0180>) in gradient.
2025-05-23 13:44:13,418:Level 1 : Registering Min (<function _MinGrad at 0x000001A1AC4D0220>) in gradient.
2025-05-23 13:44:13,418:Level 1 : Registering Mean (<function _MeanGrad at 0x000001A1AC4D02C0>) in gradient.
2025-05-23 13:44:13,419:Level 1 : Registering Prod (<function _ProdGrad at 0x000001A1AC4D0360>) in gradient.
2025-05-23 13:44:13,419:Level 1 : Registering SegmentSum (<function _SegmentSumGrad at 0x000001A1AC4D0400>) in gradient.
2025-05-23 13:44:13,419:Level 1 : Registering SegmentMean (<function _SegmentMeanGrad at 0x000001A1AC4D04A0>) in gradient.
2025-05-23 13:44:13,419:Level 1 : Registering SparseSegmentSum (<function _SparseSegmentSumGrad at 0x000001A1AC4D0680>) in gradient.
2025-05-23 13:44:13,419:Level 1 : Registering SparseSegmentSumWithNumSegments (<function _SparseSegmentSumWithNumSegmentsGrad at 0x000001A1AC4D0720>) in gradient.
2025-05-23 13:44:13,419:Level 1 : Registering SparseSegmentMean (<function _SparseSegmentMeanGrad at 0x000001A1AC4D07C0>) in gradient.
2025-05-23 13:44:13,419:Level 1 : Registering SparseSegmentMeanWithNumSegments (<function _SparseSegmentMeanWithNumSegmentsGrad at 0x000001A1AC4D0860>) in gradient.
2025-05-23 13:44:13,420:Level 1 : Registering SparseSegmentSqrtN (<function _SparseSegmentSqrtNGrad at 0x000001A1AC4D0900>) in gradient.
2025-05-23 13:44:13,420:Level 1 : Registering SparseSegmentSqrtNWithNumSegments (<function _SparseSegmentSqrtNWithNumSegmentsGrad at 0x000001A1AC4D09A0>) in gradient.
2025-05-23 13:44:13,420:Level 1 : Registering SegmentMin (<function _SegmentMinGrad at 0x000001A1AC4D0AE0>) in gradient.
2025-05-23 13:44:13,420:Level 1 : Registering SegmentMax (<function _SegmentMaxGrad at 0x000001A1AC4D0B80>) in gradient.
2025-05-23 13:44:13,420:Level 1 : Registering SegmentProd (<function _SegmentProdGrad at 0x000001A1AC4D0C20>) in gradient.
2025-05-23 13:44:13,420:Level 1 : Registering UnsortedSegmentSum (<function _UnsortedSegmentSumGrad at 0x000001A1AC4D0E00>) in gradient.
2025-05-23 13:44:13,420:Level 1 : Registering UnsortedSegmentMax (<function _UnsortedSegmentMaxGrad at 0x000001A1AC4D0EA0>) in gradient.
2025-05-23 13:44:13,420:Level 1 : Registering UnsortedSegmentMin (<function _UnsortedSegmentMinGrad at 0x000001A1AC4D0F40>) in gradient.
2025-05-23 13:44:13,421:Level 1 : Registering UnsortedSegmentProd (<function _UnsortedSegmentProdGrad at 0x000001A1AC4D0FE0>) in gradient.
2025-05-23 13:44:13,421:Level 1 : Registering Abs (<function _AbsGrad at 0x000001A1AC4D1080>) in gradient.
2025-05-23 13:44:13,421:Level 1 : Registering Neg (<function _NegGrad at 0x000001A1AC4D1120>) in gradient.
2025-05-23 13:44:13,421:Level 1 : Registering Inv (<function _InvGrad at 0x000001A1AC4D11C0>) in gradient.
2025-05-23 13:44:13,421:Level 1 : Registering Reciprocal (<function _ReciprocalGrad at 0x000001A1AC4D1260>) in gradient.
2025-05-23 13:44:13,421:Level 1 : Registering InvGrad (<function _InvGradGrad at 0x000001A1AC4D1300>) in gradient.
2025-05-23 13:44:13,421:Level 1 : Registering ReciprocalGrad (<function _ReciprocalGradGrad at 0x000001A1AC4D14E0>) in gradient.
2025-05-23 13:44:13,422:Level 1 : Registering Square (<function _SquareGrad at 0x000001A1AC4D13A0>) in gradient.
2025-05-23 13:44:13,422:Level 1 : Registering Sqrt (<function _SqrtGrad at 0x000001A1AC4D1620>) in gradient.
2025-05-23 13:44:13,422:Level 1 : Registering SqrtGrad (<function _SqrtGradGrad at 0x000001A1AC4D1440>) in gradient.
2025-05-23 13:44:13,422:Level 1 : Registering Rsqrt (<function _RsqrtGrad at 0x000001A1AC4D1760>) in gradient.
2025-05-23 13:44:13,422:Level 1 : Registering RsqrtGrad (<function _RsqrtGradGrad at 0x000001A1AC4D1800>) in gradient.
2025-05-23 13:44:13,422:Level 1 : Registering Exp (<function _ExpGrad at 0x000001A1AC4D16C0>) in gradient.
2025-05-23 13:44:13,422:Level 1 : Registering Expm1 (<function _Expm1Grad at 0x000001A1AC4D1580>) in gradient.
2025-05-23 13:44:13,422:Level 1 : Registering Log (<function _LogGrad at 0x000001A1AC4D19E0>) in gradient.
2025-05-23 13:44:13,423:Level 1 : Registering Log1p (<function _Log1pGrad at 0x000001A1AC4D18A0>) in gradient.
2025-05-23 13:44:13,423:Level 1 : Registering Xlogy (<function _XLogyGrad at 0x000001A1AC4D1B20>) in gradient.
2025-05-23 13:44:13,423:Level 1 : Registering Xlog1py (<function _XLog1pyGrad at 0x000001A1AC4D1BC0>) in gradient.
2025-05-23 13:44:13,423:Level 1 : Registering Xdivy (<function _XDivyGrad at 0x000001A1AC4D1C60>) in gradient.
2025-05-23 13:44:13,423:Level 1 : Registering Sinh (<function _SinhGrad at 0x000001A1AC4D1D00>) in gradient.
2025-05-23 13:44:13,423:Level 1 : Registering Cosh (<function _CoshGrad at 0x000001A1AC4D1940>) in gradient.
2025-05-23 13:44:13,423:Level 1 : Registering Tanh (<function _TanhGrad at 0x000001A1AC4D1A80>) in gradient.
2025-05-23 13:44:13,423:Level 1 : Registering Asinh (<function _AsinhGrad at 0x000001A1AC4D1DA0>) in gradient.
2025-05-23 13:44:13,423:Level 1 : Registering Acosh (<function _AcoshGrad at 0x000001A1AC4D1F80>) in gradient.
2025-05-23 13:44:13,424:Level 1 : Registering Atanh (<function _AtanhGrad at 0x000001A1AC4D2020>) in gradient.
2025-05-23 13:44:13,424:Level 1 : Registering TanhGrad (<function _TanhGradGrad at 0x000001A1AC4D20C0>) in gradient.
2025-05-23 13:44:13,424:Level 1 : Registering Erf (<function _ErfGrad at 0x000001A1AC4D2160>) in gradient.
2025-05-23 13:44:13,424:Level 1 : Registering Erfc (<function _ErfcGrad at 0x000001A1AC4D1E40>) in gradient.
2025-05-23 13:44:13,424:Level 1 : Registering Erfinv (<function _ErfinvGrad at 0x000001A1AC4D1EE0>) in gradient.
2025-05-23 13:44:13,424:Level 1 : Registering Ndtri (<function _NdtriGrad at 0x000001A1AC4D2340>) in gradient.
2025-05-23 13:44:13,425:Level 1 : Registering Lgamma (<function _LgammaGrad at 0x000001A1AC4D23E0>) in gradient.
2025-05-23 13:44:13,425:Level 1 : Registering Digamma (<function _DigammaGrad at 0x000001A1AC4D2480>) in gradient.
2025-05-23 13:44:13,425:Level 1 : Registering Dawsn (<function _DawsnGrad at 0x000001A1AC4D2520>) in gradient.
2025-05-23 13:44:13,425:Level 1 : Registering Expint (<function _ExpintGrad at 0x000001A1AC4D25C0>) in gradient.
2025-05-23 13:44:13,425:Level 1 : Registering FresnelCos (<function _FresnelCosGrad at 0x000001A1AC4D2660>) in gradient.
2025-05-23 13:44:13,425:Level 1 : Registering FresnelSin (<function _FresnelSinGrad at 0x000001A1AC4D2200>) in gradient.
2025-05-23 13:44:13,425:Level 1 : Registering Spence (<function _SpenceGrad at 0x000001A1AC4D22A0>) in gradient.
2025-05-23 13:44:13,425:Level 1 : Registering BesselI0 (<function _BesselI0Grad at 0x000001A1AC4D2840>) in gradient.
2025-05-23 13:44:13,426:Level 1 : Registering BesselI0e (<function _BesselI0eGrad at 0x000001A1AC4D28E0>) in gradient.
2025-05-23 13:44:13,426:Level 1 : Registering BesselI1 (<function _BesselI1Grad at 0x000001A1AC4D27A0>) in gradient.
2025-05-23 13:44:13,426:Level 1 : Registering BesselI1e (<function _BesselI1eGrad at 0x000001A1AC4D2A20>) in gradient.
2025-05-23 13:44:13,426:Level 1 : Registering BesselK0 (<function _BesselK0Grad at 0x000001A1AC4D2980>) in gradient.
2025-05-23 13:44:13,426:Level 1 : Registering BesselK0e (<function _BesselK0eGrad at 0x000001A1AC4D2B60>) in gradient.
2025-05-23 13:44:13,426:Level 1 : Registering BesselK1 (<function _BesselK1Grad at 0x000001A1AC4D2AC0>) in gradient.
2025-05-23 13:44:13,426:Level 1 : Registering BesselK1e (<function _BesselK1eGrad at 0x000001A1AC4D2CA0>) in gradient.
2025-05-23 13:44:13,426:Level 1 : Registering BesselJ0 (<function _BesselJ0Grad at 0x000001A1AC4D2C00>) in gradient.
2025-05-23 13:44:13,427:Level 1 : Registering BesselJ1 (<function _BesselJ1Grad at 0x000001A1AC4D2DE0>) in gradient.
2025-05-23 13:44:13,427:Level 1 : Registering BesselY0 (<function _BesselY0Grad at 0x000001A1AC4D2E80>) in gradient.
2025-05-23 13:44:13,427:Level 1 : Registering BesselY1 (<function _BesselY1Grad at 0x000001A1AC4D2F20>) in gradient.
2025-05-23 13:44:13,427:Level 1 : Registering Igamma (<function _IgammaGrad at 0x000001A1AC4D2FC0>) in gradient.
2025-05-23 13:44:13,427:Level 1 : Registering Igammac (<function _IgammacGrad at 0x000001A1AC4D3060>) in gradient.
2025-05-23 13:44:13,427:Level 1 : Registering Betainc (<function _BetaincGrad at 0x000001A1AC4D3100>) in gradient.
2025-05-23 13:44:13,427:Level 1 : Registering Zeta (<function _ZetaGrad at 0x000001A1AC4D31A0>) in gradient.
2025-05-23 13:44:13,427:Level 1 : Registering Polygamma (<function _PolygammaGrad at 0x000001A1AC4D2700>) in gradient.
2025-05-23 13:44:13,428:Level 1 : Registering Sigmoid (<function _SigmoidGrad at 0x000001A1AC4D3240>) in gradient.
2025-05-23 13:44:13,428:Level 1 : Registering SigmoidGrad (<function _SigmoidGradGrad at 0x000001A1AC4D3380>) in gradient.
2025-05-23 13:44:13,428:Level 1 : Registering Sign (<function _SignGrad at 0x000001A1AC4D2D40>) in gradient.
2025-05-23 13:44:13,428:Level 1 : Registering Sin (<function _SinGrad at 0x000001A1AC4D32E0>) in gradient.
2025-05-23 13:44:13,428:Level 1 : Registering Cos (<function _CosGrad at 0x000001A1AC4D3420>) in gradient.
2025-05-23 13:44:13,428:Level 1 : Registering Tan (<function _TanGrad at 0x000001A1AC4D34C0>) in gradient.
2025-05-23 13:44:13,428:Level 1 : Registering Asin (<function _AsinGrad at 0x000001A1AC4D3560>) in gradient.
2025-05-23 13:44:13,428:Level 1 : Registering Acos (<function _AcosGrad at 0x000001A1AC4D3600>) in gradient.
2025-05-23 13:44:13,428:Level 1 : Registering Atan (<function _AtanGrad at 0x000001A1AC4D36A0>) in gradient.
2025-05-23 13:44:13,429:Level 1 : Registering Atan2 (<function _Atan2Grad at 0x000001A1AC4D3740>) in gradient.
2025-05-23 13:44:13,429:Level 1 : Registering AddN (<function _AddNGrad at 0x000001A1AC4D3920>) in gradient.
2025-05-23 13:44:13,429:Level 1 : Registering AddV2 (<function _AddGrad at 0x000001A1AC4D3880>) in gradient.
2025-05-23 13:44:13,429:Level 1 : Registering Add (<function _AddGrad at 0x000001A1AC4D3880>) in gradient.
2025-05-23 13:44:13,429:Level 1 : Registering Sub (<function _SubGrad at 0x000001A1AC4D39C0>) in gradient.
2025-05-23 13:44:13,429:Level 1 : Registering Mul (<function _MulGrad at 0x000001A1AC4D3A60>) in gradient.
2025-05-23 13:44:13,429:Level 1 : Registering MulNoNan (<function _MulNoNanGrad at 0x000001A1AC4D3B00>) in gradient.
2025-05-23 13:44:13,429:Level 1 : Registering Div (<function _DivGrad at 0x000001A1AC4D3CE0>) in gradient.
2025-05-23 13:44:13,430:Level 1 : Registering FloorDiv (<function _FloorDivGrad at 0x000001A1AC4D3BA0>) in gradient.
2025-05-23 13:44:13,430:Level 1 : Registering FloorMod (<function _FloorModGrad at 0x000001A1AC4D3E20>) in gradient.
2025-05-23 13:44:13,430:Level 1 : Registering TruncateDiv (<function _TruncateDivGrad at 0x000001A1AC4D3EC0>) in gradient.
2025-05-23 13:44:13,430:Level 1 : Registering RealDiv (<function _RealDivGrad at 0x000001A1AC4D3C40>) in gradient.
2025-05-23 13:44:13,430:Level 1 : Registering DivNoNan (<function _DivNoNanGrad at 0x000001A1AC4D3D80>) in gradient.
2025-05-23 13:44:13,430:Level 1 : Registering Pow (<function _PowGrad at 0x000001A1AC4D3F60>) in gradient.
2025-05-23 13:44:13,430:Level 1 : Registering Maximum (<function _MaximumGrad at 0x000001A1AC4D4180>) in gradient.
2025-05-23 13:44:13,430:Level 1 : Registering Minimum (<function _MinimumGrad at 0x000001A1AC4D4360>) in gradient.
2025-05-23 13:44:13,431:Level 1 : Registering SquaredDifference (<function _SquaredDifferenceGrad at 0x000001A1AC4D4400>) in gradient.
2025-05-23 13:44:13,431:Level 1 : Registering Less (None) in gradient.
2025-05-23 13:44:13,431:Level 1 : Registering LessEqual (None) in gradient.
2025-05-23 13:44:13,431:Level 1 : Registering Greater (None) in gradient.
2025-05-23 13:44:13,431:Level 1 : Registering GreaterEqual (None) in gradient.
2025-05-23 13:44:13,431:Level 1 : Registering Equal (None) in gradient.
2025-05-23 13:44:13,431:Level 1 : Registering ApproximateEqual (None) in gradient.
2025-05-23 13:44:13,431:Level 1 : Registering NotEqual (None) in gradient.
2025-05-23 13:44:13,432:Level 1 : Registering LogicalAnd (None) in gradient.
2025-05-23 13:44:13,432:Level 1 : Registering LogicalOr (None) in gradient.
2025-05-23 13:44:13,432:Level 1 : Registering LogicalNot (None) in gradient.
2025-05-23 13:44:13,432:Level 1 : Registering Select (<function _SelectGrad at 0x000001A1AC4D4220>) in gradient.
2025-05-23 13:44:13,432:Level 1 : Registering SelectV2 (<function _SelectGradV2 at 0x000001A1AC4D4540>) in gradient.
2025-05-23 13:44:13,432:Level 1 : Registering MatMul (<function _MatMulGrad at 0x000001A1AC4D44A0>) in gradient.
2025-05-23 13:44:13,432:Level 1 : Registering SparseMatMul (<function _SparseMatMulGrad at 0x000001A1AC4D47C0>) in gradient.
2025-05-23 13:44:13,432:Level 1 : Registering Floor (<function _FloorGrad at 0x000001A1AC4D4680>) in gradient.
2025-05-23 13:44:13,433:Level 1 : Registering Ceil (<function _CeilGrad at 0x000001A1AC4D4900>) in gradient.
2025-05-23 13:44:13,433:Level 1 : Registering Round (<function _RoundGrad at 0x000001A1AC4D4720>) in gradient.
2025-05-23 13:44:13,433:Level 1 : Registering Rint (<function _RintGrad at 0x000001A1AC4D4A40>) in gradient.
2025-05-23 13:44:13,433:Level 1 : Registering BatchMatMul (<function _BatchMatMul at 0x000001A1AC4D4860>) in gradient.
2025-05-23 13:44:13,433:Level 1 : Registering BatchMatMulV3 (<function _BatchMatMulV2 at 0x000001A1AC4D4AE0>) in gradient.
2025-05-23 13:44:13,433:Level 1 : Registering BatchMatMulV2 (<function _BatchMatMulV2 at 0x000001A1AC4D4AE0>) in gradient.
2025-05-23 13:44:13,433:Level 1 : Registering Range (None) in gradient.
2025-05-23 13:44:13,433:Level 1 : Registering LinSpace (None) in gradient.
2025-05-23 13:44:13,434:Level 1 : Registering Complex (<function _ComplexGrad at 0x000001A1AC4D49A0>) in gradient.
2025-05-23 13:44:13,434:Level 1 : Registering Real (<function _RealGrad at 0x000001A1AC4D4CC0>) in gradient.
2025-05-23 13:44:13,434:Level 1 : Registering Imag (<function _ImagGrad at 0x000001A1AC4D4B80>) in gradient.
2025-05-23 13:44:13,434:Level 1 : Registering Angle (<function _AngleGrad at 0x000001A1AC4D4C20>) in gradient.
2025-05-23 13:44:13,434:Level 1 : Registering Conj (<function _ConjGrad at 0x000001A1AC4D4EA0>) in gradient.
2025-05-23 13:44:13,434:Level 1 : Registering ComplexAbs (<function _ComplexAbsGrad at 0x000001A1AC4D4D60>) in gradient.
2025-05-23 13:44:13,434:Level 1 : Registering Cast (<function _CastGrad at 0x000001A1AC4D4E00>) in gradient.
2025-05-23 13:44:13,434:Level 1 : Registering Cross (<function _CrossGrad at 0x000001A1AC4D4F40>) in gradient.
2025-05-23 13:44:13,435:Level 1 : Registering Cumsum (<function _CumsumGrad at 0x000001A1AC4D5120>) in gradient.
2025-05-23 13:44:13,435:Level 1 : Registering Cumprod (<function _CumprodGrad at 0x000001A1AC4D51C0>) in gradient.
2025-05-23 13:44:13,435:Level 1 : Registering CumulativeLogsumexp (<function _CumulativeLogsumexpGrad at 0x000001A1AC4D5260>) in gradient.
2025-05-23 13:44:13,435:Level 1 : Registering NextAfter (<function _NextAfterGrad at 0x000001A1AC4D4FE0>) in gradient.
2025-05-23 13:44:13,440:Level 1 : Registering NcclAllReduce (<function _all_sum_grad at 0x000001A1AC4D5580>) in gradient.
2025-05-23 13:44:13,451:Level 1 : Registering NcclReduce (<function _reduce_sum_grad at 0x000001A1AC4D62A0>) in gradient.
2025-05-23 13:44:13,452:Level 1 : Registering NcclBroadcast (<function _broadcast_grad at 0x000001A1AC4D63E0>) in gradient.
2025-05-23 13:44:13,453:Level 1 : Registering OptionalFromValue (<function _OptionalFromValueGrad at 0x000001A1AC4D6020>) in gradient.
2025-05-23 13:44:13,467:Level 1 : Registering OptionalGetValue (<function _OptionalGetValueGrad at 0x000001A1AC4D67A0>) in gradient.
2025-05-23 13:44:13,470:Level 1 : Registering DecodeRaw (None) in gradient.
2025-05-23 13:44:13,479:Level 1 : Registering DecodePaddedRaw (None) in gradient.
2025-05-23 13:44:13,480:Level 1 : Registering ParseTensor (None) in gradient.
2025-05-23 13:44:13,480:Level 1 : Registering SerializeTensor (None) in gradient.
2025-05-23 13:44:13,480:Level 1 : Registering StringToNumber (None) in gradient.
2025-05-23 13:44:13,485:Level 1 : Registering DecodeProtoV2 (None) in gradient.
2025-05-23 13:44:13,500:Level 1 : Registering EncodeProto (None) in gradient.
2025-05-23 13:44:13,502:Level 1 : Registering RandomGamma (<function _RandomGammaGrad at 0x000001A1AC4D7740>) in gradient.
2025-05-23 13:44:13,515:Level 1 : Registering StatelessRandomGammaV2 (<function _StatelessRandomGammaV2Grad at 0x000001A1AC4D77E0>) in gradient.
2025-05-23 13:44:13,515:Level 1 : Registering StatelessRandomGammaV3 (<function _StatelessRandomGammaV3Grad at 0x000001A1AC4D7920>) in gradient.
2025-05-23 13:44:13,515:Level 1 : Registering StatelessParameterizedTruncatedNormal (<function _StatelessParameterizedTruncatedNormalGrad at 0x000001A1AC4D7BA0>) in gradient.
2025-05-23 13:44:13,521:Level 1 : Registering BlockLSTM (<function _block_lstm_grad at 0x000001A1AC4D7C40>) in gradient.
2025-05-23 13:44:13,538:Level 1 : Registering BlockLSTMV2 (<function _block_lstm_grad at 0x000001A1AC4D7C40>) in gradient.
2025-05-23 13:44:13,542:Level 1 : Registering SdcaFprint (None) in gradient.
2025-05-23 13:44:13,551:Level 1 : Registering SdcaOptimizer (None) in gradient.
2025-05-23 13:44:13,551:Level 1 : Registering SdcaOptimizerV2 (None) in gradient.
2025-05-23 13:44:13,552:Level 1 : Registering SdcaShrinkL1 (None) in gradient.
2025-05-23 13:44:13,557:Level 1 : Registering SetSize (None) in gradient.
2025-05-23 13:44:13,573:Level 1 : Registering DenseToDenseSetOperation (None) in gradient.
2025-05-23 13:44:13,573:Level 1 : Registering DenseToSparseSetOperation (None) in gradient.
2025-05-23 13:44:13,573:Level 1 : Registering SparseToSparseSetOperation (None) in gradient.
2025-05-23 13:44:13,575:Level 1 : Registering SparseAddGrad (None) in gradient.
2025-05-23 13:44:13,585:Level 1 : Registering SparseConcat (None) in gradient.
2025-05-23 13:44:13,585:Level 1 : Registering SparseReorder (<function _SparseReorderGrad at 0x000001A1AC52F060>) in gradient.
2025-05-23 13:44:13,586:Level 1 : Registering SparseAdd (<function _SparseAddGrad at 0x000001A1AC52F240>) in gradient.
2025-05-23 13:44:13,586:Level 1 : Registering SparseTensorDenseAdd (<function _SparseTensorDenseAddGrad at 0x000001A1AC52F2E0>) in gradient.
2025-05-23 13:44:13,586:Level 1 : Registering SparseReduceSum (<function _SparseReduceSumGrad at 0x000001A1AC52F1A0>) in gradient.
2025-05-23 13:44:13,586:Level 1 : Registering SparseSlice (<function _SparseSliceGrad at 0x000001A1AC52F380>) in gradient.
2025-05-23 13:44:13,586:Level 1 : Registering SparseTensorDenseMatMul (<function _SparseTensorDenseMatMulGrad at 0x000001A1AC52F420>) in gradient.
2025-05-23 13:44:13,586:Level 1 : Registering SparseDenseCwiseAdd (<function _SparseDenseCwiseAddGrad at 0x000001A1AC52F4C0>) in gradient.
2025-05-23 13:44:13,586:Level 1 : Registering SparseDenseCwiseMul (<function _SparseDenseCwiseMulGrad at 0x000001A1AC52F600>) in gradient.
2025-05-23 13:44:13,587:Level 1 : Registering SparseDenseCwiseDiv (<function _SparseDenseCwiseDivGrad at 0x000001A1AC52F6A0>) in gradient.
2025-05-23 13:44:13,587:Level 1 : Registering SparseSoftmax (<function _SparseSoftmaxGrad at 0x000001A1AC52F740>) in gradient.
2025-05-23 13:44:13,587:Level 1 : Registering SparseSparseMaximum (<function _SparseSparseMaximumGrad at 0x000001A1AC52F7E0>) in gradient.
2025-05-23 13:44:13,587:Level 1 : Registering SparseSparseMinimum (<function _SparseSparseMinimumGrad at 0x000001A1AC52F880>) in gradient.
2025-05-23 13:44:13,587:Level 1 : Registering SparseFillEmptyRows (<function _SparseFillEmptyRowsGrad at 0x000001A1AC52F920>) in gradient.
2025-05-23 13:44:13,587:Level 1 : Registering SparseToDense (<function _SparseToDenseGrad at 0x000001A1AC52F9C0>) in gradient.
2025-05-23 13:44:13,589:Level 1 : Registering TensorArray (None) in gradient.
2025-05-23 13:44:13,607:Level 1 : Registering TensorArrayGrad (None) in gradient.
2025-05-23 13:44:13,607:Level 1 : Registering TensorArraySize (None) in gradient.
2025-05-23 13:44:13,607:Level 1 : Registering TensorArrayClose (None) in gradient.
2025-05-23 13:44:13,608:Level 1 : Registering TensorArrayV2 (None) in gradient.
2025-05-23 13:44:13,608:Level 1 : Registering TensorArrayGradV2 (None) in gradient.
2025-05-23 13:44:13,608:Level 1 : Registering TensorArraySizeV2 (None) in gradient.
2025-05-23 13:44:13,608:Level 1 : Registering TensorArrayCloseV2 (None) in gradient.
2025-05-23 13:44:13,608:Level 1 : Registering TensorArrayV3 (None) in gradient.
2025-05-23 13:44:13,608:Level 1 : Registering TensorArrayGradV3 (None) in gradient.
2025-05-23 13:44:13,608:Level 1 : Registering TensorArrayGradWithShape (None) in gradient.
2025-05-23 13:44:13,609:Level 1 : Registering TensorArraySizeV3 (None) in gradient.
2025-05-23 13:44:13,609:Level 1 : Registering TensorArrayCloseV3 (None) in gradient.
2025-05-23 13:44:13,609:Level 1 : Registering TensorArrayReadV3 (<function _TensorArrayReadGrad at 0x000001A1AC52FBA0>) in gradient.
2025-05-23 13:44:13,609:Level 1 : Registering TensorArrayReadV2 (<function _TensorArrayReadGrad at 0x000001A1AC52FBA0>) in gradient.
2025-05-23 13:44:13,609:Level 1 : Registering TensorArrayRead (<function _TensorArrayReadGrad at 0x000001A1AC52FBA0>) in gradient.
2025-05-23 13:44:13,609:Level 1 : Registering TensorArrayWriteV3 (<function _TensorArrayWriteGrad at 0x000001A1AC52FB00>) in gradient.
2025-05-23 13:44:13,609:Level 1 : Registering TensorArrayWriteV2 (<function _TensorArrayWriteGrad at 0x000001A1AC52FB00>) in gradient.
2025-05-23 13:44:13,609:Level 1 : Registering TensorArrayWrite (<function _TensorArrayWriteGrad at 0x000001A1AC52FB00>) in gradient.
2025-05-23 13:44:13,609:Level 1 : Registering TensorArrayGatherV3 (<function _TensorArrayGatherGrad at 0x000001A1AC52FC40>) in gradient.
2025-05-23 13:44:13,610:Level 1 : Registering TensorArrayGatherV2 (<function _TensorArrayGatherGrad at 0x000001A1AC52FC40>) in gradient.
2025-05-23 13:44:13,610:Level 1 : Registering TensorArrayGather (<function _TensorArrayGatherGrad at 0x000001A1AC52FC40>) in gradient.
2025-05-23 13:44:13,610:Level 1 : Registering TensorArrayScatterV3 (<function _TensorArrayScatterGrad at 0x000001A1AC52FCE0>) in gradient.
2025-05-23 13:44:13,610:Level 1 : Registering TensorArrayScatterV2 (<function _TensorArrayScatterGrad at 0x000001A1AC52FCE0>) in gradient.
2025-05-23 13:44:13,610:Level 1 : Registering TensorArrayScatter (<function _TensorArrayScatterGrad at 0x000001A1AC52FCE0>) in gradient.
2025-05-23 13:44:13,610:Level 1 : Registering TensorArrayConcatV3 (<function _TensorArrayConcatGrad at 0x000001A1AC52FD80>) in gradient.
2025-05-23 13:44:13,610:Level 1 : Registering TensorArrayConcatV2 (<function _TensorArrayConcatGrad at 0x000001A1AC52FD80>) in gradient.
2025-05-23 13:44:13,610:Level 1 : Registering TensorArrayConcat (<function _TensorArrayConcatGrad at 0x000001A1AC52FD80>) in gradient.
2025-05-23 13:44:13,611:Level 1 : Registering TensorArraySplitV3 (<function _TensorArraySplitGrad at 0x000001A1AC52FE20>) in gradient.
2025-05-23 13:44:13,611:Level 1 : Registering TensorArraySplitV2 (<function _TensorArraySplitGrad at 0x000001A1AC52FE20>) in gradient.
2025-05-23 13:44:13,611:Level 1 : Registering TensorArraySplit (<function _TensorArraySplitGrad at 0x000001A1AC52FE20>) in gradient.
2025-05-23 13:44:13,618:Level 1 : Registering DenseToCSRSparseMatrix (<function _DenseToCSRSparseMatrixGrad at 0x000001A1AC55C180>) in gradient.
2025-05-23 13:44:13,634:Level 1 : Registering CSRSparseMatrixToDense (<function _CSRSparseMatrixToDenseGrad at 0x000001A1AC55C2C0>) in gradient.
2025-05-23 13:44:13,634:Level 1 : Registering SparseTensorToCSRSparseMatrix (<function _SparseTensorToCSRSparseMatrixGrad at 0x000001A1AC590C20>) in gradient.
2025-05-23 13:44:13,634:Level 1 : Registering CSRSparseMatrixToSparseTensor (<function _CSRSparseMatrixToSparseTensorGrad at 0x000001A1AC590B80>) in gradient.
2025-05-23 13:44:13,635:Level 1 : Registering SparseMatrixNNZ (None) in gradient.
2025-05-23 13:44:13,635:Level 1 : Registering SparseMatrixZeros (None) in gradient.
2025-05-23 13:44:13,635:Level 1 : Registering SparseMatrixAdd (<function _SparseMatrixAddGrad at 0x000001A1AC590E00>) in gradient.
2025-05-23 13:44:13,635:Level 1 : Registering SparseMatrixTranspose (<function _SparseMatrixTransposeGrad at 0x000001A1AC590F40>) in gradient.
2025-05-23 13:44:13,635:Level 1 : Registering SparseMatrixSoftmax (<function _SparseMatrixSoftmaxGrad at 0x000001A1AC590FE0>) in gradient.
2025-05-23 13:44:13,635:Level 1 : Registering SparseMatrixMatMul (<function _SparseMatrixMatMulGrad at 0x000001A1AC591080>) in gradient.
2025-05-23 13:44:13,635:Level 1 : Registering SparseMatrixSparseMatMul (<function _SparseMatrixSparseMatMulGrad at 0x000001A1AC591120>) in gradient.
2025-05-23 13:44:13,635:Level 1 : Registering SparseMatrixMul (<function _SparseMatrixMulGrad at 0x000001A1AC5911C0>) in gradient.
2025-05-23 13:44:13,644:Level 1 : Registering FFT (<function _fft_grad at 0x000001A1AC5C2CA0>) in gradient.
2025-05-23 13:44:13,658:Level 1 : Registering IFFT (<function _ifft_grad at 0x000001A1AC5C2D40>) in gradient.
2025-05-23 13:44:13,658:Level 1 : Registering FFT2D (<function _fft2d_grad at 0x000001A1AC5C2DE0>) in gradient.
2025-05-23 13:44:13,659:Level 1 : Registering IFFT2D (<function _ifft2d_grad at 0x000001A1AC5C3060>) in gradient.
2025-05-23 13:44:13,659:Level 1 : Registering FFT3D (<function _fft3d_grad at 0x000001A1AC5C3100>) in gradient.
2025-05-23 13:44:13,659:Level 1 : Registering IFFT3D (<function _ifft3d_grad at 0x000001A1AC5C31A0>) in gradient.
2025-05-23 13:44:13,660:Level 1 : Registering RFFT (<function _rfft_grad_helper.<locals>._grad at 0x000001A1AC5C34C0>) in gradient.
2025-05-23 13:44:13,660:Level 1 : Registering IRFFT (<function _irfft_grad_helper.<locals>._grad at 0x000001A1AC5C36A0>) in gradient.
2025-05-23 13:44:13,661:Level 1 : Registering RFFT2D (<function _rfft_grad_helper.<locals>._grad at 0x000001A1AC5C3740>) in gradient.
2025-05-23 13:44:13,661:Level 1 : Registering IRFFT2D (<function _irfft_grad_helper.<locals>._grad at 0x000001A1AC5C37E0>) in gradient.
2025-05-23 13:44:13,668:Level 1 : Registering GenerateVocabRemapping (None) in gradient.
2025-05-23 13:44:13,685:Level 1 : Registering LoadAndRemapMatrix (None) in gradient.
2025-05-23 13:44:13,722:Level 1 : Registering XlaVariadicReduce (None) in gradient.
2025-05-23 13:44:13,744:Level 1 : Registering XlaSharding (<function _sharding_grad at 0x000001A1AC67A200>) in gradient.
2025-05-23 13:44:13,745:Level 1 : Registering XlaSpmdFullToShardShape (<function _spmd_full_to_shard_shape_grad at 0x000001A1AC67A2A0>) in gradient.
2025-05-23 13:44:13,745:Level 1 : Registering XlaSpmdShardToFullShape (<function _spmd_shard_to_full_shape_grad at 0x000001A1AC67A340>) in gradient.
2025-05-23 13:44:13,764:Level 1 : Registering CTCLoss (<function _CTCLossGrad at 0x000001A1AC6C2840>) in gradient.
2025-05-23 13:44:13,784:Level 1 : Registering CTCLossV2 (<function _CTCLossV2Grad at 0x000001A1AC6C2A20>) in gradient.
2025-05-23 13:44:13,785:Level 1 : Registering CTCGreedyDecoder (None) in gradient.
2025-05-23 13:44:13,786:Level 1 : Registering CTCBeamSearchDecoder (None) in gradient.
2025-05-23 13:44:13,788:Level 1 : Registering FusedBatchNormGrad (<function _FusedBatchNormGradGrad at 0x000001A1AC6F42C0>) in gradient.
2025-05-23 13:44:13,806:Level 1 : Registering FusedBatchNormGradV2 (<function _FusedBatchNormGradGradV2 at 0x000001A1AC6F4360>) in gradient.
2025-05-23 13:44:13,806:Level 1 : Registering FusedBatchNormGradV3 (<function _FusedBatchNormGradGradV3 at 0x000001A1AC6F4540>) in gradient.
2025-05-23 13:44:13,813:Level 1 : Registering variables ((<class 'tensorflow.core.framework.variable_pb2.VariableDef'>, <function _to_proto_fn at 0x000001A1AC71C680>, <function _from_proto_fn at 0x000001A1AC71CA40>)) in proto functions.
2025-05-23 13:44:13,830:Level 1 : Registering trainable_variables ((<class 'tensorflow.core.framework.variable_pb2.VariableDef'>, <function _to_proto_fn at 0x000001A1AC71C680>, <function _from_proto_fn at 0x000001A1AC71CA40>)) in proto functions.
2025-05-23 13:44:13,831:Level 1 : Registering moving_average_variables ((<class 'tensorflow.core.framework.variable_pb2.VariableDef'>, <function _to_proto_fn at 0x000001A1AC71C680>, <function _from_proto_fn at 0x000001A1AC71CA40>)) in proto functions.
2025-05-23 13:44:13,831:Level 1 : Registering local_variables ((<class 'tensorflow.core.framework.variable_pb2.VariableDef'>, <function _to_proto_fn at 0x000001A1AC71C680>, <function _from_proto_fn at 0x000001A1AC71CA40>)) in proto functions.
2025-05-23 13:44:13,831:Level 1 : Registering model_variables ((<class 'tensorflow.core.framework.variable_pb2.VariableDef'>, <function _to_proto_fn at 0x000001A1AC71C680>, <function _from_proto_fn at 0x000001A1AC71CA40>)) in proto functions.
2025-05-23 13:44:13,831:Level 1 : Registering global_step ((<class 'tensorflow.core.framework.variable_pb2.VariableDef'>, <function _to_proto_fn at 0x000001A1AC71C680>, <function _from_proto_fn at 0x000001A1AC71CA40>)) in proto functions.
2025-05-23 13:44:13,831:Level 1 : Registering metric_variables ((<class 'tensorflow.core.framework.variable_pb2.VariableDef'>, <function _to_proto_fn at 0x000001A1AC71C680>, <function _from_proto_fn at 0x000001A1AC71CA40>)) in proto functions.
2025-05-23 13:44:13,832:Level 1 : Registering RandomCrop (None) in gradient.
2025-05-23 13:44:13,866:Level 1 : Registering HSVToRGB (None) in gradient.
2025-05-23 13:44:13,866:Level 1 : Registering DrawBoundingBoxes (None) in gradient.
2025-05-23 13:44:13,866:Level 1 : Registering SampleDistortedBoundingBox (None) in gradient.
2025-05-23 13:44:13,866:Level 1 : Registering SampleDistortedBoundingBoxV2 (None) in gradient.
2025-05-23 13:44:13,867:Level 1 : Registering ExtractGlimpse (None) in gradient.
2025-05-23 13:44:13,867:Level 1 : Registering NonMaxSuppression (None) in gradient.
2025-05-23 13:44:13,867:Level 1 : Registering NonMaxSuppressionV2 (None) in gradient.
2025-05-23 13:44:13,868:Level 1 : Registering NonMaxSuppressionWithOverlaps (None) in gradient.
2025-05-23 13:44:13,868:Level 1 : Registering GenerateBoundingBoxProposals (None) in gradient.
2025-05-23 13:44:13,879:Level 1 : Registering ImageProjectiveTransformV2 (<function _image_projective_transform_grad at 0x000001A1AC805300>) in gradient.
2025-05-23 13:44:13,893:Level 1 : Registering ImageProjectiveTransformV3 (<function _image_projective_transform_v3_grad at 0x000001A1AC8054E0>) in gradient.
2025-05-23 13:44:14,282:Level 1 : Registering savers ((<class 'tensorflow.core.protobuf.saver_pb2.SaverDef'>, <function Saver.to_proto at 0x000001A1ACAB7060>, <function Saver.from_proto at 0x000001A1ACAB7100>)) in proto functions.
2025-05-23 13:44:14,340:Level 1 : Registering EagerPyFunc (<function _EagerPyFuncGrad at 0x000001A1ACAE3EC0>) in gradient.
2025-05-23 13:44:14,354:Level 1 : Registering PyFunc (None) in gradient.
2025-05-23 13:44:14,354:Level 1 : Registering PyFuncStateless (None) in gradient.
2025-05-23 13:44:14,376:Level 1 : Registering ReduceDataset (None) in gradient.
2025-05-23 13:44:14,399:Level 1 : Registering tensorflow.python.data.ops.dataset_ops (<function _tf2_callback at 0x000001A1ACB323E0>) in data_v2_callbacks.
2025-05-23 13:44:14,423:Level 1 : Registering _resource_resolver (<function _resource_resolver at 0x000001A1ACBC7100>) in acd_resource_resolvers.
2025-05-23 13:44:14,438:Level 1 : Registering tensorflow.python.data.experimental.ops.counter (<function _tf2_callback at 0x000001A1ACBD0400>) in data_v2_callbacks.
2025-05-23 13:44:14,470:Level 1 : Registering tensorflow.python.data.ops.readers (<function _tf2_callback at 0x000001A1ACBC7CE0>) in data_v2_callbacks.
2025-05-23 13:44:14,484:Level 1 : Registering tensorflow.python.data.experimental.ops.interleave_ops (<function _tf2_callback at 0x000001A1ACBD3740>) in data_v2_callbacks.
2025-05-23 13:44:14,534:Level 1 : Registering tensorflow.python.data.experimental.ops.random_ops (<function _tf2_callback at 0x000001A1ACC6EA20>) in data_v2_callbacks.
2025-05-23 13:44:14,553:Level 1 : Registering tensorflow.python.data.experimental.ops.readers (<function _tf2_callback at 0x000001A1ACC9C400>) in data_v2_callbacks.
2025-05-23 13:44:14,909:Level 1 : Registering tpu_replicated_input_resolver (<function tpu_replicated_input_resolver at 0x000001A1ACFDB880>) in acd_resource_resolvers.
2025-05-23 13:44:14,931:DEBUG : Falling back to TensorFlow client; we recommended you install the Cloud TPU client directly with pip install cloud-tpu-client.
2025-05-23 13:44:15,277:Level 1 : Registering queue_runners ((<class 'tensorflow.core.protobuf.queue_runner_pb2.QueueRunnerDef'>, <function QueueRunner.to_proto at 0x000001A1AD22AFC0>, <function QueueRunner.from_proto at 0x000001A1AD22B060>)) in proto functions.
2025-05-23 13:44:16,621:DEBUG : Creating converter from 7 to 5
2025-05-23 13:44:16,621:DEBUG : Creating converter from 5 to 7
2025-05-23 13:44:16,621:DEBUG : Creating converter from 7 to 5
2025-05-23 13:44:16,621:DEBUG : Creating converter from 5 to 7
2025-05-23 13:44:18,895:Level 1 : Registering DebugGradientIdentity (<function _identify_gradient_grad at 0x000001A1AF21EC00>) in gradient.
2025-05-23 13:44:18,909:Level 1 : Registering DebugGradientRefIdentity (<function _identify_gradient_grad_ref at 0x000001A1AF21ECA0>) in gradient.
2025-05-23 13:44:18,997:Level 1 : Registering DebugIdentityV2 (<function _debug_identity_v2_grad at 0x000001A1AF2A1DA0>) in gradient.
2025-05-23 13:44:19,698:Level 1 : Registering AudioMicrofrontend (None) in gradient.
2025-05-23 13:44:19,922:Level 1 : Registering Reciprocal,flops (<function _reciprocal_flops at 0x000001A1AF964180>) in statistical functions.
2025-05-23 13:44:19,933:Level 1 : Registering Square,flops (<function _square_flops at 0x000001A1AF964220>) in statistical functions.
2025-05-23 13:44:19,933:Level 1 : Registering Rsqrt,flops (<function _rsqrt_flops at 0x000001A1AF964360>) in statistical functions.
2025-05-23 13:44:19,934:Level 1 : Registering Log,flops (<function _log_flops at 0x000001A1AF9642C0>) in statistical functions.
2025-05-23 13:44:19,934:Level 1 : Registering Neg,flops (<function _neg_flops at 0x000001A1AF964400>) in statistical functions.
2025-05-23 13:44:19,934:Level 1 : Registering AssignSub,flops (<function _assign_sub_flops at 0x000001A1AF9644A0>) in statistical functions.
2025-05-23 13:44:19,935:Level 1 : Registering AssignAdd,flops (<function _assign_add_flops at 0x000001A1AF964540>) in statistical functions.
2025-05-23 13:44:19,935:Level 1 : Registering L2Loss,flops (<function _l2_loss_flops at 0x000001A1AF9645E0>) in statistical functions.
2025-05-23 13:44:19,935:Level 1 : Registering Softmax,flops (<function _softmax_flops at 0x000001A1AF964680>) in statistical functions.
2025-05-23 13:44:19,935:Level 1 : Registering AddV2,flops (<function _add_flops at 0x000001A1AF9647C0>) in statistical functions.
2025-05-23 13:44:19,935:Level 1 : Registering Add,flops (<function _add_flops at 0x000001A1AF9647C0>) in statistical functions.
2025-05-23 13:44:19,935:Level 1 : Registering Sub,flops (<function _sub_flops at 0x000001A1AF964860>) in statistical functions.
2025-05-23 13:44:19,936:Level 1 : Registering Mul,flops (<function _mul_flops at 0x000001A1AF964900>) in statistical functions.
2025-05-23 13:44:19,936:Level 1 : Registering RealDiv,flops (<function _real_div_flops at 0x000001A1AF9649A0>) in statistical functions.
2025-05-23 13:44:19,936:Level 1 : Registering Maximum,flops (<function _maximum_flops at 0x000001A1AF964A40>) in statistical functions.
2025-05-23 13:44:19,936:Level 1 : Registering Minimum,flops (<function _minimum_flops at 0x000001A1AF964AE0>) in statistical functions.
2025-05-23 13:44:19,936:Level 1 : Registering Pow,flops (<function _pow_flops at 0x000001A1AF964B80>) in statistical functions.
2025-05-23 13:44:19,936:Level 1 : Registering RsqrtGrad,flops (<function _rsqrt_grad_flops at 0x000001A1AF964C20>) in statistical functions.
2025-05-23 13:44:19,936:Level 1 : Registering GreaterEqual,flops (<function _greater_equal_flops at 0x000001A1AF964CC0>) in statistical functions.
2025-05-23 13:44:19,936:Level 1 : Registering Greater,flops (<function _greater_flops at 0x000001A1AF964D60>) in statistical functions.
2025-05-23 13:44:19,937:Level 1 : Registering LessEqual,flops (<function _less_equal_flops at 0x000001A1AF964E00>) in statistical functions.
2025-05-23 13:44:19,937:Level 1 : Registering Less,flops (<function _less_flops at 0x000001A1AF964EA0>) in statistical functions.
2025-05-23 13:44:19,937:Level 1 : Registering Equal,flops (<function _equal_flops at 0x000001A1AF964F40>) in statistical functions.
2025-05-23 13:44:19,937:Level 1 : Registering NotEqual,flops (<function _not_equal_flops at 0x000001A1AF964FE0>) in statistical functions.
2025-05-23 13:44:19,937:Level 1 : Registering SquaredDifference,flops (<function _squared_difference_flops at 0x000001A1AF965080>) in statistical functions.
2025-05-23 13:44:19,937:Level 1 : Registering Mean,flops (<function _mean_flops at 0x000001A1AF9651C0>) in statistical functions.
2025-05-23 13:44:19,937:Level 1 : Registering Sum,flops (<function _sum_flops at 0x000001A1AF965260>) in statistical functions.
2025-05-23 13:44:19,938:Level 1 : Registering ArgMax,flops (<function _arg_max_flops at 0x000001A1AF965300>) in statistical functions.
2025-05-23 13:44:19,938:Level 1 : Registering ArgMin,flops (<function _arg_min_flops at 0x000001A1AF9653A0>) in statistical functions.
2025-05-23 13:44:19,938:Level 1 : Registering BiasAddGrad,flops (<function _bias_add_grad_flops at 0x000001A1AF965440>) in statistical functions.
2025-05-23 13:44:19,938:Level 1 : Registering AvgPool,flops (<function _avg_pool_flops at 0x000001A1AF965620>) in statistical functions.
2025-05-23 13:44:19,938:Level 1 : Registering MaxPool,flops (<function _max_pool_flops at 0x000001A1AF9656C0>) in statistical functions.
2025-05-23 13:44:19,938:Level 1 : Registering AvgPoolGrad,flops (<function _avg_pool_grad_flops at 0x000001A1AF965760>) in statistical functions.
2025-05-23 13:44:19,938:Level 1 : Registering MaxPoolGrad,flops (<function _max_pool_grad_flops at 0x000001A1AF965800>) in statistical functions.
2025-05-23 13:44:19,938:Level 1 : Registering Conv2DBackpropInput,flops (<function _conv_2d_backprop_input_flops at 0x000001A1AF9658A0>) in statistical functions.
2025-05-23 13:44:19,939:Level 1 : Registering Conv2DBackpropFilter,flops (<function _conv_2d_backprop_filter_flops at 0x000001A1AF965940>) in statistical functions.
2025-05-23 13:44:19,939:Level 1 : Registering AddN,flops (<function _add_n_flops at 0x000001A1AF9659E0>) in statistical functions.
2025-05-23 13:44:19,939:Level 1 : Registering MatMul,flops (<function _calc_mat_mul_flops at 0x000001A1AF965A80>) in statistical functions.
2025-05-23 13:44:19,939:Level 1 : Registering BatchMatMulV3,flops (<function _calc_batch_mat_mul_flops at 0x000001A1AF965B20>) in statistical functions.
2025-05-23 13:44:19,939:Level 1 : Registering BatchMatMulV2,flops (<function _calc_batch_mat_mul_flops at 0x000001A1AF965B20>) in statistical functions.
2025-05-23 13:44:19,939:Level 1 : Registering BatchMatMul,flops (<function _calc_batch_mat_mul_flops at 0x000001A1AF965B20>) in statistical functions.
2025-05-23 13:44:21,121:Level 1 : Enabling eager execution
2025-05-23 13:44:21,121:Level 1 : Enabling v2 tensorshape
2025-05-23 13:44:21,121:Level 1 : Enabling resource variables
2025-05-23 13:44:21,121:Level 1 : Enabling tensor equality
2025-05-23 13:44:21,121:Level 1 : Enabling control flow v2
